800.0000
656.9791
91.2566
64.7333
200.0000
94.3805
188.5000
29.0000
139.5167
64.0000
473.6500
29.0000
unreachable
6.5698
9.8000
unreachable
145.5000
2200.0000
49.0000
unreachable
14.3845
unreachable
17.5000
42.0000
50.0000
unreachable
2450.0000
unreachable
unreachable
6.2064
200.0000
107.0667
29.0000
29.0000
153.8333
800.0000
9.1333
unreachable
24.0325
83.0000
91.2566
59.1667
104.9486
88.0000
138.3333
656.9791
685.7500
51.5000
1.0000
41.8333
39.9167
unreachable
656.9791
43.0000
unreachable
5.9488
53.7500
61.8917
29.0000
10.0857
16.8369
65.5000
2250.0000
84.5000
800.0000
54.0000
unreachable
100.1008
91.2566
11.6667
631.0000
unreachable
168.6667
200.0000
29.0000
104.6667
7.0000
6.2064
29.0000
43.5000
unreachable
800.0000
unreachable
53.6667
88.3783
unreachable
72.0000
unreachable
106.0000
91.2566
10.6214
59.0833
491.1833
65.9167
22.9287
2300.0000
656.9791
200.0000
59.1667
29.0000
